

Microchip Technology PIC18 LITE Macro Assembler V1.36 build -262312587 
                                                                                               Wed May 11 13:45:45 2016

Microchip Technology Omniscient Code Generator v1.36 (Free mode) build 201601150325
     1                           	processor	18F24K50
     2                           	fnconf	rparam,??,?,0
     3                           	opt	pw 120
     4                           	opt	lm
     5                           	psect	cinit,global,reloc=2,class=CODE,delta=1
     6                           	psect	bssCOMRAM,global,class=COMRAM,space=1,delta=1
     7                           	psect	cstackCOMRAM,global,class=COMRAM,space=1,delta=1
     8                           	psect	text0,global,reloc=2,class=CODE,delta=1
     9                           	psect	text1,global,reloc=2,class=CODE,delta=1
    10                           	psect	text2,global,reloc=2,class=CODE,delta=1
    11                           	psect	intcode,global,reloc=2,class=CODE,delta=1
    12                           	psect	intsave_regs,global,class=BIGRAM,space=1,delta=1
    13                           	psect	rparam,global,class=COMRAM,space=1,delta=1
    14                           	psect	temp,global,ovrld,common,class=COMRAM,space=1,delta=1
    15  0000                     _ANSELAbits	set	3931
    16  0000                     _ADCON0bits	set	4034
    17  0000                     _ADCON1bits	set	4033
    18  0000                     _ADCON2bits	set	4032
    19  0000                     _ADRESH	set	4036
    20  0000                     _ADRESL	set	4035
    21  0000                     _CCP2CON	set	3991
    22  0000                     _CCPR2L	set	3984
    23  0000                     _LATB	set	3978
    24  0000                     _OSCCONbits	set	4051
    25  0000                     _PIE1bits	set	3997
    26  0000                     _PIR1bits	set	3998
    27  0000                     _PORTC	set	3970
    28  0000                     _PR2	set	4027
    29  0000                     _TMR0H	set	4055
    30  0000                     _TMR0L	set	4054
    31  0000                     _TRISAbits	set	3986
    32  0000                     _TRISB	set	3987
    33  0000                     _GIEH	set	32663
    34  0000                     _LATB4	set	31828
    35  0000                     _PEIE	set	32662
    36  0000                     _PSA	set	32427
    37  0000                     _T08BIT	set	32430
    38  0000                     _T0CS	set	32429
    39  0000                     _T0SE	set	32428
    40  0000                     _T2CKPS0	set	32208
    41  0000                     _T2CKPS1	set	32209
    42  0000                     _TMR0IE	set	32661
    43  0000                     _TMR0IF	set	32658
    44  0000                     _TMR0ON	set	32431
    45  0000                     _TMR2ON	set	32210
    46  0000                     _TRISC1	set	31905
    47                           
    48                           ; #config settings
    49  0000                     
    50                           	psect	cinit
    51  000148                     __pcinit:
    52                           	opt stack 0
    53  000148                     start_initialization:
    54                           	opt stack 0
    55  000148                     __initialization:
    56                           	opt stack 0
    57                           
    58                           ; Clear objects allocated to COMRAM (6 bytes)
    59  000148  6A18               	clrf	(__pbssCOMRAM+5)& (0+255),c
    60  00014A  6A17               	clrf	(__pbssCOMRAM+4)& (0+255),c
    61  00014C  6A16               	clrf	(__pbssCOMRAM+3)& (0+255),c
    62  00014E  6A15               	clrf	(__pbssCOMRAM+2)& (0+255),c
    63  000150  6A14               	clrf	(__pbssCOMRAM+1)& (0+255),c
    64  000152  6A13               	clrf	__pbssCOMRAM& (0+255),c
    65  000154                     end_of_initialization:
    66                           	opt stack 0
    67  000154                     __end_of__initialization:
    68                           	opt stack 0
    69  000154  9019               	bcf	int$flags,0,c	;clear compiler interrupt flag (level 1)
    70  000156  9219               	bcf	int$flags,1,c	;clear compiler interrupt flag (level 2)
    71  000158  0100               	movlb	0
    72  00015A  EF85  F000         	goto	_main	;jump to C main() function
    73                           
    74                           	psect	bssCOMRAM
    75  000013                     __pbssCOMRAM:
    76                           	opt stack 0
    77  000013                     _counter:
    78                           	opt stack 0
    79  000013                     	ds	2
    80  000015                     _result:
    81                           	opt stack 0
    82  000015                     	ds	2
    83  000017                     _sending_ping:
    84                           	opt stack 0
    85  000017                     	ds	2
    86                           
    87                           	psect	cstackCOMRAM
    88  000001                     __pcstackCOMRAM:
    89                           	opt stack 0
    90  000001                     ??_MyIntVec:
    91  000001                     
    92                           ; 1 bytes @ 0x0
    93  000001                     	ds	18
    94  000013                     
    95                           ; 1 bytes @ 0x12
    96 ;;
    97 ;;Main: autosize = 0, tempsize = 0, incstack = 0, save=0
    98 ;;
    99 ;; *************** function _main *****************
   100 ;; Defined at:
   101 ;;		line 134 in file "main.c"
   102 ;; Parameters:    Size  Location     Type
   103 ;;		None
   104 ;; Auto vars:     Size  Location     Type
   105 ;;		None
   106 ;; Return value:  Size  Location     Type
   107 ;;                  1    wreg      void 
   108 ;; Registers used:
   109 ;;		wreg, status,2, cstack
   110 ;; Tracked objects:
   111 ;;		On entry : 0/0
   112 ;;		On exit  : 0/0
   113 ;;		Unchanged: 0/0
   114 ;; Data sizes:     COMRAM   BANK0   BANK1   BANK2   BANK3   BANK4   BANK5   BANK6   BANK7
   115 ;;      Params:         0       0       0       0       0       0       0       0       0
   116 ;;      Locals:         0       0       0       0       0       0       0       0       0
   117 ;;      Temps:          0       0       0       0       0       0       0       0       0
   118 ;;      Totals:         0       0       0       0       0       0       0       0       0
   119 ;;Total ram usage:        0 bytes
   120 ;; Hardware stack levels required when called:    2
   121 ;; This function calls:
   122 ;;		_initOscillator
   123 ;;		_initPortB
   124 ;; This function is called by:
   125 ;;		Startup code after reset
   126 ;; This function uses a non-reentrant model
   127 ;;
   128                           
   129                           	psect	text0
   130  00010A                     __ptext0:
   131                           	opt stack 0
   132  00010A                     _main:
   133                           	opt stack 29
   134                           
   135                           ;main.c: 135: initOscillator();
   136                           
   137                           ;incstack = 0
   138  00010A  ECAF  F000         	call	_initOscillator	;wreg free
   139                           
   140                           ;main.c: 136: initPortB();
   141  00010E  ECB8  F000         	call	_initPortB	;wreg free
   142                           
   143                           ;main.c: 140: TMR0H = 0xF0;
   144  000112  0EF0               	movlw	240
   145  000114  6ED7               	movwf	4055,c	;volatile
   146                           
   147                           ;main.c: 141: TMR0L = 0x60;
   148  000116  0E60               	movlw	96
   149  000118  6ED6               	movwf	4054,c	;volatile
   150                           
   151                           ;main.c: 142: T08BIT = 0;
   152  00011A  9CD5               	bcf	4053,6,c	;volatile
   153                           
   154                           ;main.c: 143: T0CS = 0;
   155  00011C  9AD5               	bcf	4053,5,c	;volatile
   156                           
   157                           ;main.c: 144: T0SE = 0;
   158  00011E  98D5               	bcf	4053,4,c	;volatile
   159                           
   160                           ;main.c: 145: PSA = 1;
   161  000120  86D5               	bsf	4053,3,c	;volatile
   162                           
   163                           ;main.c: 146: TMR0ON = 1;
   164  000122  8ED5               	bsf	4053,7,c	;volatile
   165                           
   166                           ;main.c: 147: TMR0IE = 1;
   167  000124  8AF2               	bsf	intcon,5,c	;volatile
   168                           
   169                           ;main.c: 149: GIEH = 1;
   170  000126  8EF2               	bsf	intcon,7,c	;volatile
   171                           
   172                           ;main.c: 150: PEIE = 1;
   173  000128  8CF2               	bsf	intcon,6,c	;volatile
   174                           
   175                           ;main.c: 151: PIE1bits.ADIE = 1;
   176  00012A  8C9D               	bsf	3997,6,c	;volatile
   177                           
   178                           ;main.c: 152: PIR1bits.ADIF = 0;
   179  00012C  9C9E               	bcf	3998,6,c	;volatile
   180                           
   181                           ;main.c: 155: TRISC1 = 1;
   182  00012E  8294               	bsf	3988,1,c	;volatile
   183                           
   184                           ;main.c: 156: PORTC = 0;
   185  000130  0E00               	movlw	0
   186  000132  6E82               	movwf	3970,c	;volatile
   187                           
   188                           ;main.c: 170: PR2 = 0b00011000 ;
   189  000134  0E18               	movlw	24
   190  000136  6EBB               	movwf	4027,c	;volatile
   191                           
   192                           ;main.c: 171: CCP2CON = 0b00011100;
   193  000138  0E1C               	movlw	28
   194  00013A  6E97               	movwf	3991,c	;volatile
   195                           
   196                           ;main.c: 172: CCPR2L = 0b00001100;
   197  00013C  0E0C               	movlw	12
   198  00013E  6E90               	movwf	3984,c	;volatile
   199                           
   200                           ;main.c: 173: T2CKPS1 = 0;
   201  000140  92BA               	bcf	4026,1,c	;volatile
   202                           
   203                           ;main.c: 174: T2CKPS0 = 1;
   204  000142  80BA               	bsf	4026,0,c	;volatile
   205                           
   206                           ;main.c: 175: TMR2ON = 1;
   207  000144  84BA               	bsf	4026,2,c	;volatile
   208  000146                     l94:
   209  000146  D7FF               	goto	l94
   210  000148                     __end_of_main:
   211                           	opt stack 0
   212                           intcon	equ	0xFF2
   213                           
   214 ;; *************** function _initPortB *****************
   215 ;; Defined at:
   216 ;;		line 127 in file "main.c"
   217 ;; Parameters:    Size  Location     Type
   218 ;;		None
   219 ;; Auto vars:     Size  Location     Type
   220 ;;		None
   221 ;; Return value:  Size  Location     Type
   222 ;;                  1    wreg      void 
   223 ;; Registers used:
   224 ;;		wreg, status,2
   225 ;; Tracked objects:
   226 ;;		On entry : 0/0
   227 ;;		On exit  : 0/0
   228 ;;		Unchanged: 0/0
   229 ;; Data sizes:     COMRAM   BANK0   BANK1   BANK2   BANK3   BANK4   BANK5   BANK6   BANK7
   230 ;;      Params:         0       0       0       0       0       0       0       0       0
   231 ;;      Locals:         0       0       0       0       0       0       0       0       0
   232 ;;      Temps:          0       0       0       0       0       0       0       0       0
   233 ;;      Totals:         0       0       0       0       0       0       0       0       0
   234 ;;Total ram usage:        0 bytes
   235 ;; Hardware stack levels used:    1
   236 ;; Hardware stack levels required when called:    1
   237 ;; This function calls:
   238 ;;		Nothing
   239 ;; This function is called by:
   240 ;;		_main
   241 ;; This function uses a non-reentrant model
   242 ;;
   243                           
   244                           	psect	text1
   245  000170                     __ptext1:
   246                           	opt stack 0
   247  000170                     _initPortB:
   248                           	opt stack 29
   249                           
   250                           ;main.c: 128: TRISB = 0;
   251                           
   252                           ;incstack = 0
   253  000170  0E00               	movlw	0
   254  000172  6E93               	movwf	3987,c	;volatile
   255                           
   256                           ;main.c: 129: LATB = 0;
   257  000174  0E00               	movlw	0
   258  000176  6E8A               	movwf	3978,c	;volatile
   259  000178  0012               	return		;funcret
   260  00017A                     __end_of_initPortB:
   261                           	opt stack 0
   262                           intcon	equ	0xFF2
   263                           
   264 ;; *************** function _initOscillator *****************
   265 ;; Defined at:
   266 ;;		line 119 in file "main.c"
   267 ;; Parameters:    Size  Location     Type
   268 ;;		None
   269 ;; Auto vars:     Size  Location     Type
   270 ;;		None
   271 ;; Return value:  Size  Location     Type
   272 ;;                  1    wreg      void 
   273 ;; Registers used:
   274 ;;		wreg, status,2
   275 ;; Tracked objects:
   276 ;;		On entry : 0/0
   277 ;;		On exit  : 0/0
   278 ;;		Unchanged: 0/0
   279 ;; Data sizes:     COMRAM   BANK0   BANK1   BANK2   BANK3   BANK4   BANK5   BANK6   BANK7
   280 ;;      Params:         0       0       0       0       0       0       0       0       0
   281 ;;      Locals:         0       0       0       0       0       0       0       0       0
   282 ;;      Temps:          0       0       0       0       0       0       0       0       0
   283 ;;      Totals:         0       0       0       0       0       0       0       0       0
   284 ;;Total ram usage:        0 bytes
   285 ;; Hardware stack levels used:    1
   286 ;; Hardware stack levels required when called:    1
   287 ;; This function calls:
   288 ;;		Nothing
   289 ;; This function is called by:
   290 ;;		_main
   291 ;; This function uses a non-reentrant model
   292 ;;
   293                           
   294                           	psect	text2
   295  00015E                     __ptext2:
   296                           	opt stack 0
   297  00015E                     _initOscillator:
   298                           	opt stack 29
   299                           
   300                           ;main.c: 120: OSCCONbits.IDLEN = 1;
   301                           
   302                           ;incstack = 0
   303  00015E  8ED3               	bsf	4051,7,c	;volatile
   304                           
   305                           ;main.c: 121: OSCCONbits.IRCF = 0b111;
   306  000160  88D3               	bsf	4051,4,c	;volatile
   307  000162  8AD3               	bsf	4051,5,c	;volatile
   308  000164  8CD3               	bsf	4051,6,c	;volatile
   309                           
   310                           ;main.c: 122: OSCCONbits.OSTS = 0;
   311  000166  96D3               	bcf	4051,3,c	;volatile
   312                           
   313                           ;main.c: 123: OSCCONbits.HFIOFS = 0;
   314  000168  94D3               	bcf	4051,2,c	;volatile
   315                           
   316                           ;main.c: 124: OSCCONbits.SCS = 0b00;
   317  00016A  0EFC               	movlw	-4
   318  00016C  16D3               	andwf	4051,f,c	;volatile
   319  00016E  0012               	return		;funcret
   320  000170                     __end_of_initOscillator:
   321                           	opt stack 0
   322                           intcon	equ	0xFF2
   323                           
   324 ;; *************** function _MyIntVec *****************
   325 ;; Defined at:
   326 ;;		line 49 in file "main.c"
   327 ;; Parameters:    Size  Location     Type
   328 ;;		None
   329 ;; Auto vars:     Size  Location     Type
   330 ;;		None
   331 ;; Return value:  Size  Location     Type
   332 ;;                  1    wreg      void 
   333 ;; Registers used:
   334 ;;		wreg, status,2, status,0
   335 ;; Tracked objects:
   336 ;;		On entry : 0/0
   337 ;;		On exit  : 0/0
   338 ;;		Unchanged: 0/0
   339 ;; Data sizes:     COMRAM   BANK0   BANK1   BANK2   BANK3   BANK4   BANK5   BANK6   BANK7
   340 ;;      Params:         0       0       0       0       0       0       0       0       0
   341 ;;      Locals:         0       0       0       0       0       0       0       0       0
   342 ;;      Temps:         18       0       0       0       0       0       0       0       0
   343 ;;      Totals:        18       0       0       0       0       0       0       0       0
   344 ;;Total ram usage:       18 bytes
   345 ;; Hardware stack levels used:    1
   346 ;; This function calls:
   347 ;;		Nothing
   348 ;; This function is called by:
   349 ;;		Interrupt level 2
   350 ;; This function uses a non-reentrant model
   351 ;;
   352                           
   353                           	psect	intcode
   354  000008                     __pintcode:
   355                           	opt stack 0
   356  000008                     _MyIntVec:
   357                           	opt stack 29
   358                           
   359                           ;incstack = 0
   360  000008  8219               	bsf	btemp,1,c	;set compiler interrupt flag (level 2)
   361  00000A  CFFA F005          	movff	pclath,??_MyIntVec+4
   362  00000E  CFFB F006          	movff	pclatu,??_MyIntVec+5
   363  000012  CFE9 F007          	movff	fsr0l,??_MyIntVec+6
   364  000016  CFEA F008          	movff	fsr0h,??_MyIntVec+7
   365  00001A  CFE1 F009          	movff	fsr1l,??_MyIntVec+8
   366  00001E  CFE2 F00A          	movff	fsr1h,??_MyIntVec+9
   367  000022  CFD9 F00B          	movff	fsr2l,??_MyIntVec+10
   368  000026  CFDA F00C          	movff	fsr2h,??_MyIntVec+11
   369  00002A  CFF3 F00D          	movff	prodl,??_MyIntVec+12
   370  00002E  CFF4 F00E          	movff	prodh,??_MyIntVec+13
   371  000032  CFF6 F00F          	movff	tblptrl,??_MyIntVec+14
   372  000036  CFF7 F010          	movff	tblptrh,??_MyIntVec+15
   373  00003A  CFF8 F011          	movff	tblptru,??_MyIntVec+16
   374  00003E  CFF5 F012          	movff	tablat,??_MyIntVec+17
   375                           
   376                           ;main.c: 50: if (TMR0IE == 1 && TMR0IF == 1) {
   377  000042  BAF2               	btfsc	intcon,5,c	;volatile
   378  000044  A4F2               	btfss	intcon,2,c	;volatile
   379  000046  D027               	goto	i2l737
   380                           
   381                           ;main.c: 51: LATB4 = !LATB4;
   382  000048  B88A               	btfsc	3978,4,c	;volatile
   383  00004A  D002               	goto	i2u3_40
   384  00004C  888A               	bsf	3978,4,c	;volatile
   385  00004E  D001               	goto	i2l717
   386  000050                     i2u3_40:
   387  000050  988A               	bcf	3978,4,c	;volatile
   388  000052                     i2l717:
   389                           
   390                           ;main.c: 53: if(sending_ping) {
   391  000052  5017               	movf	_sending_ping,w,c	;volatile
   392  000054  1018               	iorwf	_sending_ping+1,w,c	;volatile
   393  000056  B4D8               	btfsc	status,2,c
   394  000058  D006               	goto	i2l723
   395                           
   396                           ;main.c: 54: TRISC1 = 1;
   397  00005A  8294               	bsf	3988,1,c	;volatile
   398                           
   399                           ;main.c: 55: sending_ping = 0;
   400  00005C  0E00               	movlw	0
   401  00005E  6E18               	movwf	_sending_ping+1,c	;volatile
   402  000060  0E00               	movlw	0
   403  000062  6E17               	movwf	_sending_ping,c	;volatile
   404                           
   405                           ;main.c: 56: } else if (counter == 2000) {
   406  000064  D013               	goto	i2l731
   407  000066                     i2l723:
   408  000066  0ED0               	movlw	208
   409  000068  1813               	xorwf	_counter,w,c	;volatile
   410  00006A  E10E               	bnz	i2l729
   411  00006C  0E07               	movlw	7
   412  00006E  1814               	xorwf	_counter+1,w,c	;volatile
   413  000070  A4D8               	btfss	status,2,c
   414  000072  D00A               	goto	i2l729
   415                           
   416                           ;main.c: 57: TRISC1 = 0;
   417  000074  9294               	bcf	3988,1,c	;volatile
   418                           
   419                           ;main.c: 58: sending_ping = 1;
   420  000076  0E00               	movlw	0
   421  000078  6E18               	movwf	_sending_ping+1,c	;volatile
   422  00007A  0E01               	movlw	1
   423  00007C  6E17               	movwf	_sending_ping,c	;volatile
   424                           
   425                           ;main.c: 59: counter = 0;
   426  00007E  0E00               	movlw	0
   427  000080  6E14               	movwf	_counter+1,c	;volatile
   428  000082  0E00               	movlw	0
   429  000084  6E13               	movwf	_counter,c	;volatile
   430                           
   431                           ;main.c: 60: } else {
   432  000086  D002               	goto	i2l731
   433  000088                     i2l729:
   434                           
   435                           ;main.c: 61: counter++;
   436  000088  4A13               	infsnz	_counter,f,c	;volatile
   437  00008A  2A14               	incf	_counter+1,f,c	;volatile
   438  00008C                     i2l731:
   439                           
   440                           ;main.c: 62: }
   441                           ;main.c: 71: TMR0IF = 0;
   442  00008C  94F2               	bcf	intcon,2,c	;volatile
   443                           
   444                           ;main.c: 74: TMR0H = 0xF0;
   445  00008E  0EF0               	movlw	240
   446  000090  6ED7               	movwf	4055,c	;volatile
   447                           
   448                           ;main.c: 75: TMR0L = 0x60;
   449  000092  0E60               	movlw	96
   450  000094  6ED6               	movwf	4054,c	;volatile
   451  000096                     i2l737:
   452                           
   453                           ;main.c: 76: }
   454                           ;main.c: 96: if (PIE1bits.ADIE == 1 && PIR1bits.ADIF == 1 ) {
   455  000096  BC9D               	btfsc	3997,6,c	;volatile
   456  000098  AC9E               	btfss	3998,6,c	;volatile
   457  00009A  D017               	goto	i2l82
   458                           
   459                           ;main.c: 97: PIR1bits.ADIF = 0;
   460  00009C  9C9E               	bcf	3998,6,c	;volatile
   461                           
   462                           ;main.c: 98: result = (ADRESH << 2) | (ADRESL >> 6);
   463  00009E  CFC3 F001          	movff	4035,??_MyIntVec	;volatile
   464  0000A2  0E06               	movlw	6
   465  0000A4  6E02               	movwf	(??_MyIntVec+1)& (0+255),c
   466  0000A6                     i2u9_45:
   467  0000A6  90D8               	bcf	status,0,c
   468  0000A8  3201               	rrcf	??_MyIntVec,f,c
   469  0000AA  2E02               	decfsz	(??_MyIntVec+1)& (0+255),f,c
   470  0000AC  D7FC               	goto	i2u9_45
   471  0000AE  5001               	movf	??_MyIntVec,w,c
   472  0000B0  CFC4 F003          	movff	4036,??_MyIntVec+2	;volatile
   473  0000B4  6A04               	clrf	(??_MyIntVec+3)& (0+255),c
   474  0000B6  90D8               	bcf	status,0,c
   475  0000B8  3603               	rlcf	??_MyIntVec+2,f,c
   476  0000BA  3604               	rlcf	??_MyIntVec+3,f,c
   477  0000BC  90D8               	bcf	status,0,c
   478  0000BE  3603               	rlcf	??_MyIntVec+2,f,c
   479  0000C0  3604               	rlcf	??_MyIntVec+3,f,c
   480  0000C2  1003               	iorwf	??_MyIntVec+2,w,c
   481  0000C4  6E15               	movwf	_result,c	;volatile
   482  0000C6  5004               	movf	??_MyIntVec+3,w,c
   483  0000C8  6E16               	movwf	_result+1,c	;volatile
   484  0000CA                     i2l82:
   485  0000CA  C012  FFF5         	movff	??_MyIntVec+17,tablat
   486  0000CE  C011  FFF8         	movff	??_MyIntVec+16,tblptru
   487  0000D2  C010  FFF7         	movff	??_MyIntVec+15,tblptrh
   488  0000D6  C00F  FFF6         	movff	??_MyIntVec+14,tblptrl
   489  0000DA  C00E  FFF4         	movff	??_MyIntVec+13,prodh
   490  0000DE  C00D  FFF3         	movff	??_MyIntVec+12,prodl
   491  0000E2  C00C  FFDA         	movff	??_MyIntVec+11,fsr2h
   492  0000E6  C00B  FFD9         	movff	??_MyIntVec+10,fsr2l
   493  0000EA  C00A  FFE2         	movff	??_MyIntVec+9,fsr1h
   494  0000EE  C009  FFE1         	movff	??_MyIntVec+8,fsr1l
   495  0000F2  C008  FFEA         	movff	??_MyIntVec+7,fsr0h
   496  0000F6  C007  FFE9         	movff	??_MyIntVec+6,fsr0l
   497  0000FA  C006  FFFB         	movff	??_MyIntVec+5,pclatu
   498  0000FE  C005  FFFA         	movff	??_MyIntVec+4,pclath
   499  000102  9219               	bcf	btemp,1,c	;clear compiler interrupt flag (level 2)
   500  000104  0011               	retfie		f
   501  000106                     __end_of_MyIntVec:
   502                           	opt stack 0
   503  0000                     pclatu	equ	0xFFB
   504                           pclath	equ	0xFFA
   505                           tblptru	equ	0xFF8
   506                           tblptrh	equ	0xFF7
   507                           tblptrl	equ	0xFF6
   508                           tablat	equ	0xFF5
   509                           prodh	equ	0xFF4
   510                           prodl	equ	0xFF3
   511                           intcon	equ	0xFF2
   512                           fsr0h	equ	0xFEA
   513                           fsr0l	equ	0xFE9
   514                           fsr1h	equ	0xFE2
   515                           fsr1l	equ	0xFE1
   516                           fsr2h	equ	0xFDA
   517                           fsr2l	equ	0xFD9
   518                           status	equ	0xFD8
   519                           pclatu	equ	0xFFB
   520                           pclath	equ	0xFFA
   521                           tblptru	equ	0xFF8
   522                           tblptrh	equ	0xFF7
   523                           tblptrl	equ	0xFF6
   524                           tablat	equ	0xFF5
   525                           prodh	equ	0xFF4
   526                           prodl	equ	0xFF3
   527                           intcon	equ	0xFF2
   528                           fsr0h	equ	0xFEA
   529                           fsr0l	equ	0xFE9
   530                           fsr1h	equ	0xFE2
   531                           fsr1l	equ	0xFE1
   532                           fsr2h	equ	0xFDA
   533                           fsr2l	equ	0xFD9
   534                           status	equ	0xFD8
   535                           
   536                           	psect	rparam
   537  0000                     pclatu	equ	0xFFB
   538                           pclath	equ	0xFFA
   539                           tblptru	equ	0xFF8
   540                           tblptrh	equ	0xFF7
   541                           tblptrl	equ	0xFF6
   542                           tablat	equ	0xFF5
   543                           prodh	equ	0xFF4
   544                           prodl	equ	0xFF3
   545                           intcon	equ	0xFF2
   546                           fsr0h	equ	0xFEA
   547                           fsr0l	equ	0xFE9
   548                           fsr1h	equ	0xFE2
   549                           fsr1l	equ	0xFE1
   550                           fsr2h	equ	0xFDA
   551                           fsr2l	equ	0xFD9
   552                           status	equ	0xFD8
   553                           
   554                           	psect	temp
   555  000019                     btemp:
   556                           	opt stack 0
   557  000019                     	ds	1
   558  0000                     int$flags	set	btemp
   559                           pclatu	equ	0xFFB
   560                           pclath	equ	0xFFA
   561                           tblptru	equ	0xFF8
   562                           tblptrh	equ	0xFF7
   563                           tblptrl	equ	0xFF6
   564                           tablat	equ	0xFF5
   565                           prodh	equ	0xFF4
   566                           prodl	equ	0xFF3
   567                           intcon	equ	0xFF2
   568                           fsr0h	equ	0xFEA
   569                           fsr0l	equ	0xFE9
   570                           fsr1h	equ	0xFE2
   571                           fsr1l	equ	0xFE1
   572                           fsr2h	equ	0xFDA
   573                           fsr2l	equ	0xFD9
   574                           status	equ	0xFD8


Data Sizes:
    Strings     0
    Constant    0
    Data        0
    BSS         6
    Persistent  0
    Stack       0

Auto Spaces:
    Space          Size  Autos    Used
    COMRAM           94     18      24
    BANK0           160      0       0
    BANK1           256      0       0
    BANK2           256      0       0
    BANK3           256      0       0
    BANK4           256      0       0
    BANK5           256      0       0
    BANK6           256      0       0
    BANK7           256      0       0

Pointer List with Targets:

    None.

Critical Paths under _main in COMRAM

    None.

Critical Paths under _MyIntVec in COMRAM

    None.

Critical Paths under _main in BANK0

    None.

Critical Paths under _MyIntVec in BANK0

    None.

Critical Paths under _main in BANK1

    None.

Critical Paths under _MyIntVec in BANK1

    None.

Critical Paths under _main in BANK2

    None.

Critical Paths under _MyIntVec in BANK2

    None.

Critical Paths under _main in BANK3

    None.

Critical Paths under _MyIntVec in BANK3

    None.

Critical Paths under _main in BANK4

    None.

Critical Paths under _MyIntVec in BANK4

    None.

Critical Paths under _main in BANK5

    None.

Critical Paths under _MyIntVec in BANK5

    None.

Critical Paths under _main in BANK6

    None.

Critical Paths under _MyIntVec in BANK6

    None.

Critical Paths under _main in BANK7

    None.

Critical Paths under _MyIntVec in BANK7

    None.

Call Graph Tables:

 ---------------------------------------------------------------------------------
 (Depth) Function   	        Calls       Base Space   Used Autos Params    Refs
 ---------------------------------------------------------------------------------
 (0) _main                                                 0     0      0       0
                     _initOscillator
                          _initPortB
 ---------------------------------------------------------------------------------
 (1) _initPortB                                            0     0      0       0
 ---------------------------------------------------------------------------------
 (1) _initOscillator                                       0     0      0       0
 ---------------------------------------------------------------------------------
 Estimated maximum stack depth 1
 ---------------------------------------------------------------------------------
 (Depth) Function   	        Calls       Base Space   Used Autos Params    Refs
 ---------------------------------------------------------------------------------
 (2) _MyIntVec                                            18    18      0       0
                                              0 COMRAM    18    18      0
 ---------------------------------------------------------------------------------
 Estimated maximum stack depth 2
 ---------------------------------------------------------------------------------

 Call Graph Graphs:

 _main (ROOT)
   _initOscillator
   _initPortB

 _MyIntVec (ROOT)

 Address spaces:
Name               Size   Autos  Total    Cost      Usage
BIGRAM             7FF      0       0      21        0.0%
EEDATA             100      0       0       0        0.0%
BITBANK7           100      0       0      19        0.0%
BANK7              100      0       0      20        0.0%
BITBANK6           100      0       0      17        0.0%
BANK6              100      0       0      18        0.0%
BITBANK5           100      0       0      15        0.0%
BANK5              100      0       0      16        0.0%
BITBANK4           100      0       0      13        0.0%
BANK4              100      0       0      14        0.0%
BITBANK3           100      0       0      11        0.0%
BANK3              100      0       0      12        0.0%
BITBANK2           100      0       0       9        0.0%
BANK2              100      0       0      10        0.0%
BITBANK1           100      0       0       7        0.0%
BANK1              100      0       0       8        0.0%
BITBANK0            A0      0       0       4        0.0%
BANK0               A0      0       0       5        0.0%
BITCOMRAM           5E      0       0       0        0.0%
COMRAM              5E     12      18       1       25.5%
BITSFR_1             0      0       0      40        0.0%
SFR_1                0      0       0      40        0.0%
BITSFR               0      0       0      40        0.0%
SFR                  0      0       0      40        0.0%
STACK                0      0       0       2        0.0%
NULL                 0      0       0       0        0.0%
ABS                  0      0      18       6        0.0%
DATA                 0      0      18       3        0.0%
CODE                 0      0       0       0        0.0%


Microchip Technology PIC18 Macro Assembler V1.36 build -262312587 
Symbol Table                                                                                   Wed May 11 13:45:45 2016

                     l94 0146                      _PR2 000FBB                      _PSA 007EAB  
           __CFG_LVP$OFF 000000                     _GIEH 007F97                     _T0CS 007EAD  
                   _T0SE 007EAC                     _LATB 000F8A                     _PEIE 007F96  
                   i2l82 00CA                     _main 010A                     fsr0h 000FEA  
                   fsr1h 000FE2                     fsr0l 000FE9                     fsr2h 000FDA  
                   fsr1l 000FE1                     fsr2l 000FD9                     btemp 0019  
                   pclat 000FFA                     prodh 000FF4                     prodl 000FF3  
                   start 0106            __CFG_MCLRE$ON 000000             ___param_bank 000010  
                  ?_main 0001                    _LATB4 007C54           __CFG_DEBUG$OFF 000000  
                  i2l731 008C                    i2l723 0066                    i2l717 0052  
                  i2l729 0088                    i2l737 0096                    _TMR0H 000FD7  
                  _TMR0L 000FD6                    _PORTC 000F82                    _TRISB 000F93  
                  tablat 000FF5                    status 000FD8          __initialization 0148  
           __end_of_main 0148         __end_of_MyIntVec 0106                   ??_main 0013  
          __activetblptr 000000                   _ADRESH 000FC4                   _ADRESL 000FC3  
                 _CCPR2L 000F90                   _T08BIT 007EAE           __CFG_WDTEN$OFF 000000  
                 _TMR0IE 007F95                   _TMR0IF 007F92                   _TMR0ON 007EAF  
                 _TMR2ON 007DD2                   i2u3_40 0050                   _TRISC1 007CA1  
                 i2u9_45 00A6                   _result 0015                   tblptrh 000FF7  
                 tblptrl 000FF6                   tblptru 000FF8               __accesstop 0060  
__end_of__initialization 0154          __CFG_PBADEN$OFF 000000            ___rparam_used 000001  
         __pcstackCOMRAM 0001  __size_of_initOscillator 0012                ?_MyIntVec 0001  
     __size_of_initPortB 000A                  _CCP2CON 000F97                  _T2CKPS0 007DD0  
                _T2CKPS1 007DD1               ??_MyIntVec 0001                  __Hparam 0000  
                __Lparam 0000                  __pcinit 0148                  __ramtop 0800  
                __ptext0 010A                  __ptext1 0170                  __ptext2 015E  
      __end_of_initPortB 017A                  _counter 0013     end_of_initialization 0154  
              _TRISAbits 000F92           _initOscillator 015E      start_initialization 0148  
 __end_of_initOscillator 0170        __size_of_MyIntVec 00FE              __pbssCOMRAM 0013  
        ?_initOscillator 0001                __pintcode 0008                _initPortB 0170  
               _PIE1bits 000F9D                 _PIR1bits 000F9E               _ADCON0bits 000FC2  
             _ADCON1bits 000FC1               _ADCON2bits 000FC0               ?_initPortB 0001  
               _MyIntVec 0008                 __Hrparam 0000                 __Lrparam 0000  
             _ANSELAbits 000F5B             _sending_ping 0017            __size_of_main 003E  
               int$flags 0019         ??_initOscillator 0013              ??_initPortB 0013  
               intlevel2 0000               _OSCCONbits 000FD3       __CFG_FOSC$INTOSCIO 000000  
